ERROR - 2025-02-28 14:38:32,562 - log: Не удалось отправить письмо на почту
INFO - 2025-02-28 14:48:31,909 - log: Запрос данных с сервера
INFO - 2025-02-28 14:48:42,776 - log: Данные с сервера получены
INFO - 2025-02-28 14:48:42,779 - log: Загрузка данных в базу данных
INFO - 2025-02-28 14:48:42,779 - log: Загрузка данных в базу данных завершена. Добавлено 0 записей
INFO - 2025-02-28 14:58:42,937 - log: Запрос данных с сервера
INFO - 2025-02-28 14:58:53,835 - log: Данные с сервера получены
INFO - 2025-02-28 14:58:53,836 - log: Загрузка данных в базу данных
INFO - 2025-02-28 14:58:53,836 - log: Загрузка данных в базу данных завершена. Добавлено 0 записей
ERROR - 2025-02-28 15:04:50,992 - log: Не удалось отправить письмо на почту
INFO - 2025-02-28 15:14:50,144 - log: Запрос данных с сервера
INFO - 2025-02-28 15:15:00,668 - log: Данные с сервера получены
INFO - 2025-02-28 15:15:00,669 - log: Загрузка данных в базу данных
INFO - 2025-02-28 15:15:00,669 - log: Загрузка данных в базу данных завершена. Добавлено 0 записей
INFO - 2025-02-28 15:25:01,069 - log: Запрос данных с сервера
INFO - 2025-02-28 15:25:14,188 - log: Данные с сервера получены
INFO - 2025-02-28 15:25:14,188 - log: Загрузка данных в базу данных
INFO - 2025-02-28 15:25:14,189 - log: Загрузка данных в базу данных завершена. Добавлено 0 записей
INFO - 2025-02-28 15:35:14,312 - log: Запрос данных с сервера
INFO - 2025-02-28 15:35:25,105 - log: Данные с сервера получены
INFO - 2025-02-28 15:35:25,105 - log: Загрузка данных в базу данных
INFO - 2025-02-28 15:35:25,105 - log: Загрузка данных в базу данных завершена. Добавлено 0 записей
